{
  "stats": {
    "suites": 4,
    "tests": 4,
    "passes": 4,
    "pending": 0,
    "failures": 0,
    "start": "2019-11-11T00:45:19.162Z",
    "end": "2019-11-11T00:45:19.162Z",
    "duration": 31440,
    "testsRegistered": 4,
    "passPercent": 100,
    "pendingPercent": 0,
    "other": 0,
    "hasOther": false,
    "skipped": 0,
    "hasSkipped": false
  },
  "results": [
    {
      "uuid": "05b5148d-1dad-4660-8216-3374d3c38dcf",
      "title": "",
      "fullFile": "",
      "file": "",
      "beforeHooks": [],
      "afterHooks": [],
      "tests": [],
      "suites": [
        {
          "uuid": "7d79fc50-e670-4b84-84e9-1458ca5a32fc",
          "title": "Login Spec",
          "fullFile": "",
          "file": "",
          "beforeHooks": [],
          "afterHooks": [],
          "tests": [
            {
              "title": "Login with Correct Credentials",
              "fullTitle": "Login Spec Login with Correct Credentials",
              "timedOut": null,
              "duration": 3997,
              "state": "passed",
              "speed": "slow",
              "pass": true,
              "fail": false,
              "pending": false,
              "context": null,
              "code": "cy // action\n.get('[ng-model=\"user.name\"]').type(Cypress.env('username')).get('[ng-model=\"user.password\"]').type(Cypress.env('password')).get('#login-form').submit() // assertions\n.location('pathname').should('eq', '/employees').get('#greetings').should('be.visible').should('have.text', \"Hello \".concat(Cypress.env('username')));",
              "err": {},
              "uuid": "530a14eb-7b23-41d0-8b38-bd1f1b2a7408",
              "parentUUID": "7d79fc50-e670-4b84-84e9-1458ca5a32fc",
              "isHook": false,
              "skipped": false
            }
          ],
          "suites": [],
          "passes": [
            "530a14eb-7b23-41d0-8b38-bd1f1b2a7408"
          ],
          "failures": [],
          "pending": [],
          "skipped": [],
          "duration": 3997,
          "root": false,
          "rootEmpty": false,
          "_timeout": 2000
        }
      ],
      "passes": [],
      "failures": [],
      "pending": [],
      "skipped": [],
      "duration": 0,
      "root": true,
      "rootEmpty": true,
      "_timeout": 2000
    },
    {
      "uuid": "b0cd2b23-be50-4877-afc9-649e9e34b5a2",
      "title": "",
      "fullFile": "",
      "file": "",
      "beforeHooks": [],
      "afterHooks": [],
      "tests": [],
      "suites": [
        {
          "uuid": "73d3eb3d-e99e-42ef-b98c-b522c201aac4",
          "title": "Create Employee Spec",
          "fullFile": "",
          "file": "",
          "beforeHooks": [],
          "afterHooks": [],
          "tests": [
            {
              "title": "Create New Employee and Verify it is Created",
              "fullTitle": "Create Employee Spec Create New Employee and Verify it is Created",
              "timedOut": null,
              "duration": 7131,
              "state": "passed",
              "speed": "slow",
              "pass": true,
              "fail": false,
              "pending": false,
              "context": null,
              "code": "var firstName = (0, _helper.randomString)(4);\nvar lastName = (0, _helper.randomString)(5);\nvar email = \"\".concat(firstName, \".\").concat(lastName, \"@cafetownsend.com\");\ncy // create Employee\n.get('#bAdd').click().get('[ng-model=\"selectedEmployee.firstName\"]').type(firstName).get('[ng-model=\"selectedEmployee.lastName\"]').type(lastName).get('[ng-model=\"selectedEmployee.startDate\"]').type((0, _helper.randomDate)()).get('[ng-model=\"selectedEmployee.email\"]').type(email).get('.formFooter').click() // assert\n.get('#employee-list').should('contain', \"\".concat(firstName, \" \").concat(lastName));",
              "err": {},
              "uuid": "d0d5055a-f33a-4d0b-9c5d-97605ddb1f31",
              "parentUUID": "73d3eb3d-e99e-42ef-b98c-b522c201aac4",
              "isHook": false,
              "skipped": false
            }
          ],
          "suites": [],
          "passes": [
            "d0d5055a-f33a-4d0b-9c5d-97605ddb1f31"
          ],
          "failures": [],
          "pending": [],
          "skipped": [],
          "duration": 7131,
          "root": false,
          "rootEmpty": false,
          "_timeout": 2000
        }
      ],
      "passes": [],
      "failures": [],
      "pending": [],
      "skipped": [],
      "duration": 0,
      "root": true,
      "rootEmpty": true,
      "_timeout": 2000
    },
    {
      "uuid": "6dd5a981-174a-4b43-b225-90ee74c8791a",
      "title": "",
      "fullFile": "",
      "file": "",
      "beforeHooks": [],
      "afterHooks": [],
      "tests": [],
      "suites": [
        {
          "uuid": "8feb7965-c47f-4a14-8394-b227ae8b7716",
          "title": "Edit Employee Spec",
          "fullFile": "",
          "file": "",
          "beforeHooks": [],
          "afterHooks": [],
          "tests": [
            {
              "title": "Edit Employee details and verify new details were Saved",
              "fullTitle": "Edit Employee Spec Edit Employee details and verify new details were Saved",
              "timedOut": null,
              "duration": 11705,
              "state": "passed",
              "speed": "slow",
              "pass": true,
              "fail": false,
              "pending": false,
              "context": null,
              "code": "cy.fixture('createdEmp').then(function (user) {\n  //select Employee\n  cy.get('#employee-list').contains(\"\".concat(user.firstName, \" \").concat(user.lastName)).click(); //click Edit Button\n  cy.get('#bEdit').click(); //clear email field and enter new email id\n  var newEmail = _helper.emp.email;\n  cy.get('[ng-model=\"selectedEmployee.email\"]').clear().type(newEmail); //click update button\n  cy.get('[type=\"submit\"][ng-hide=\"isCreateForm\"]').click(); //verify email was update\n  cy.get('#employee-list').contains(\"\".concat(user.firstName, \" \").concat(user.lastName)).click().get('#bEdit').click().get('[ng-model=\"selectedEmployee.email\"]').should('have.value', newEmail);\n});",
              "err": {},
              "uuid": "2cef7b4c-14c8-4b76-bb61-4d637d38e878",
              "parentUUID": "8feb7965-c47f-4a14-8394-b227ae8b7716",
              "isHook": false,
              "skipped": false
            }
          ],
          "suites": [],
          "passes": [
            "2cef7b4c-14c8-4b76-bb61-4d637d38e878"
          ],
          "failures": [],
          "pending": [],
          "skipped": [],
          "duration": 11705,
          "root": false,
          "rootEmpty": false,
          "_timeout": 2000
        }
      ],
      "passes": [],
      "failures": [],
      "pending": [],
      "skipped": [],
      "duration": 0,
      "root": true,
      "rootEmpty": true,
      "_timeout": 2000
    },
    {
      "uuid": "9c499432-1760-4fed-808c-b91a7b4ce98a",
      "title": "",
      "fullFile": "",
      "file": "",
      "beforeHooks": [],
      "afterHooks": [],
      "tests": [],
      "suites": [
        {
          "uuid": "e5a58d3a-c4e7-4470-bac4-b158c1afac48",
          "title": "Delete Employee Spec",
          "fullFile": "",
          "file": "",
          "beforeHooks": [],
          "afterHooks": [],
          "tests": [
            {
              "title": "Delete Employee record and verify Emp does not exist anymore in the system",
              "fullTitle": "Delete Employee Spec Delete Employee record and verify Emp does not exist anymore in the system",
              "timedOut": null,
              "duration": 8607,
              "state": "passed",
              "speed": "slow",
              "pass": true,
              "fail": false,
              "pending": false,
              "context": null,
              "code": "cy.fixture('empToBeDeleted').then(function (user) {\n  //select Employee\n  cy.get('#employee-list').contains(\"\".concat(user.firstName, \" \").concat(user.lastName)).click(); //click Delete Button\n  cy.get('#bDelete').click() // .wait(10000)\n  //confirm employee is not present\n  .get('#employee-list').click({\n    force: true\n  }).should('not.have', \"\".concat(user.firstName, \" \").concat(user.lastName));\n});",
              "err": {},
              "uuid": "3b645f81-6774-494e-ba96-4b01d032eaf4",
              "parentUUID": "e5a58d3a-c4e7-4470-bac4-b158c1afac48",
              "isHook": false,
              "skipped": false
            }
          ],
          "suites": [],
          "passes": [
            "3b645f81-6774-494e-ba96-4b01d032eaf4"
          ],
          "failures": [],
          "pending": [],
          "skipped": [],
          "duration": 8607,
          "root": false,
          "rootEmpty": false,
          "_timeout": 2000
        }
      ],
      "passes": [],
      "failures": [],
      "pending": [],
      "skipped": [],
      "duration": 0,
      "root": true,
      "rootEmpty": true,
      "_timeout": 2000
    }
  ],
  "meta": {
    "mocha": {
      "version": "5.2.0"
    },
    "mochawesome": {
      "options": {
        "quiet": true,
        "reportFilename": "mochawesome",
        "saveHtml": false,
        "saveJson": true,
        "consoleReporter": "spec",
        "useInlineDiffs": false
      },
      "version": "4.1.0"
    },
    "marge": {
      "options": {
        "id": "default",
        "reportDir": "cypress/results/mocha",
        "quiet": true,
        "overwrite": false,
        "html": false,
        "json": true
      },
      "version": "4.0.1"
    }
  }
}