{
  "stats": {
    "suites": 4,
    "tests": 4,
    "passes": 4,
    "pending": 0,
    "failures": 0,
    "start": "2019-11-10T15:23:40.074Z",
    "end": "2019-11-10T15:23:40.074Z",
    "duration": 32805,
    "testsRegistered": 4,
    "passPercent": 100,
    "pendingPercent": 0,
    "other": 0,
    "hasOther": false,
    "skipped": 0,
    "hasSkipped": false
  },
  "results": [
    {
      "uuid": "d692e78d-c1a3-4647-ab6c-ba6ba13d7b8b",
      "title": "",
      "fullFile": "",
      "file": "",
      "beforeHooks": [],
      "afterHooks": [],
      "tests": [],
      "suites": [
        {
          "uuid": "30645b0f-fbec-4b80-ba7c-e5caaadd1da3",
          "title": "Login Spec",
          "fullFile": "",
          "file": "",
          "beforeHooks": [],
          "afterHooks": [],
          "tests": [
            {
              "title": "Login with Correct Credentials",
              "fullTitle": "Login Spec Login with Correct Credentials",
              "timedOut": null,
              "duration": 4159,
              "state": "passed",
              "speed": "slow",
              "pass": true,
              "fail": false,
              "pending": false,
              "context": null,
              "code": "cy // action\n.get('[ng-model=\"user.name\"]').type(Cypress.env('username')).get('[ng-model=\"user.password\"]').type(Cypress.env('password')).get('#login-form').submit() // assertions\n.location('pathname').should('eq', '/employees').get('#greetings').should('be.visible').should('have.text', \"Hello \".concat(Cypress.env('username')));",
              "err": {},
              "uuid": "61cc0432-27a5-41d0-99fc-9b1acbf89861",
              "parentUUID": "30645b0f-fbec-4b80-ba7c-e5caaadd1da3",
              "isHook": false,
              "skipped": false
            }
          ],
          "suites": [],
          "passes": [
            "61cc0432-27a5-41d0-99fc-9b1acbf89861"
          ],
          "failures": [],
          "pending": [],
          "skipped": [],
          "duration": 4159,
          "root": false,
          "rootEmpty": false,
          "_timeout": 2000
        }
      ],
      "passes": [],
      "failures": [],
      "pending": [],
      "skipped": [],
      "duration": 0,
      "root": true,
      "rootEmpty": true,
      "_timeout": 2000
    },
    {
      "uuid": "602297ee-a8e3-4149-83b2-f362621d55d9",
      "title": "",
      "fullFile": "",
      "file": "",
      "beforeHooks": [],
      "afterHooks": [],
      "tests": [],
      "suites": [
        {
          "uuid": "239752cf-7726-4027-9f95-e84a9be007e8",
          "title": "Create Employee Spec",
          "fullFile": "",
          "file": "",
          "beforeHooks": [],
          "afterHooks": [],
          "tests": [
            {
              "title": "Create New Employee and Verify it is Created",
              "fullTitle": "Create Employee Spec Create New Employee and Verify it is Created",
              "timedOut": null,
              "duration": 7782,
              "state": "passed",
              "speed": "slow",
              "pass": true,
              "fail": false,
              "pending": false,
              "context": null,
              "code": "var firstName = (0, _helper.randomString)(4);\nvar lastName = (0, _helper.randomString)(5);\nvar email = \"\".concat(firstName, \".\").concat(lastName, \"@cafetownsend.com\");\ncy // create Employee\n.get('#bAdd').click().get('[ng-model=\"selectedEmployee.firstName\"]').type(firstName).get('[ng-model=\"selectedEmployee.lastName\"]').type(lastName).get('[ng-model=\"selectedEmployee.startDate\"]').type((0, _helper.randomDate)()).get('[ng-model=\"selectedEmployee.email\"]').type(email).get('.formFooter').click() // assert\n.get('#employee-list').should('contain', \"\".concat(firstName, \" \").concat(lastName));",
              "err": {},
              "uuid": "2c9cfd54-7aee-4781-9a14-d8b3473d57b1",
              "parentUUID": "239752cf-7726-4027-9f95-e84a9be007e8",
              "isHook": false,
              "skipped": false
            }
          ],
          "suites": [],
          "passes": [
            "2c9cfd54-7aee-4781-9a14-d8b3473d57b1"
          ],
          "failures": [],
          "pending": [],
          "skipped": [],
          "duration": 7782,
          "root": false,
          "rootEmpty": false,
          "_timeout": 2000
        }
      ],
      "passes": [],
      "failures": [],
      "pending": [],
      "skipped": [],
      "duration": 0,
      "root": true,
      "rootEmpty": true,
      "_timeout": 2000
    },
    {
      "uuid": "d1ddb044-c97d-49f4-b77b-6703fe412741",
      "title": "",
      "fullFile": "",
      "file": "",
      "beforeHooks": [],
      "afterHooks": [],
      "tests": [],
      "suites": [
        {
          "uuid": "72c573d9-91f7-4c8e-8fff-1452a4035035",
          "title": "Edit Employee Spec",
          "fullFile": "",
          "file": "",
          "beforeHooks": [],
          "afterHooks": [],
          "tests": [
            {
              "title": "Edit Employee details and verify new details were Saved",
              "fullTitle": "Edit Employee Spec Edit Employee details and verify new details were Saved",
              "timedOut": null,
              "duration": 12330,
              "state": "passed",
              "speed": "slow",
              "pass": true,
              "fail": false,
              "pending": false,
              "context": null,
              "code": "cy.fixture('createdEmp').then(function (user) {\n  //select Employee\n  cy.get('#employee-list').contains(\"\".concat(user.firstName, \" \").concat(user.lastName)).click(); //click Edit Button\n  cy.get('#bEdit').click(); //clear email field and enter new email id\n  var newEmail = _helper.emp.email;\n  cy.get('[ng-model=\"selectedEmployee.email\"]').clear().type(newEmail); //click update button\n  cy.get('[type=\"submit\"][ng-hide=\"isCreateForm\"]').click(); //verify email was update\n  cy.get('#employee-list').contains(\"\".concat(user.firstName, \" \").concat(user.lastName)).click().get('#bEdit').click().get('[ng-model=\"selectedEmployee.email\"]').should('have.value', newEmail);\n});",
              "err": {},
              "uuid": "0d07d890-01d5-472f-8056-3b69b0fa0345",
              "parentUUID": "72c573d9-91f7-4c8e-8fff-1452a4035035",
              "isHook": false,
              "skipped": false
            }
          ],
          "suites": [],
          "passes": [
            "0d07d890-01d5-472f-8056-3b69b0fa0345"
          ],
          "failures": [],
          "pending": [],
          "skipped": [],
          "duration": 12330,
          "root": false,
          "rootEmpty": false,
          "_timeout": 2000
        }
      ],
      "passes": [],
      "failures": [],
      "pending": [],
      "skipped": [],
      "duration": 0,
      "root": true,
      "rootEmpty": true,
      "_timeout": 2000
    },
    {
      "uuid": "b39bba5e-e1a0-47fc-baf0-6ede4df2e77a",
      "title": "",
      "fullFile": "",
      "file": "",
      "beforeHooks": [],
      "afterHooks": [],
      "tests": [],
      "suites": [
        {
          "uuid": "2d74e57a-f1d8-45bd-8450-ca413e98c821",
          "title": "Delete Employee Spec",
          "fullFile": "",
          "file": "",
          "beforeHooks": [],
          "afterHooks": [],
          "tests": [
            {
              "title": "Delete Employee record and verify Emp does not exist anymore in the system",
              "fullTitle": "Delete Employee Spec Delete Employee record and verify Emp does not exist anymore in the system",
              "timedOut": null,
              "duration": 8534,
              "state": "passed",
              "speed": "slow",
              "pass": true,
              "fail": false,
              "pending": false,
              "context": null,
              "code": "cy.fixture('empToBeDeleted').then(function (user) {\n  //select Employee\n  cy.get('#employee-list').contains(\"\".concat(user.firstName, \" \").concat(user.lastName)).click(); //click Delete Button\n  cy.get('#bDelete').click() // .wait(10000)\n  //confirm employee is not present\n  .get('#employee-list').click({\n    force: true\n  }).should('not.have', \"\".concat(user.firstName, \" \").concat(user.lastName));\n});",
              "err": {},
              "uuid": "be9ec497-406e-4a2a-942d-16d0deccd08f",
              "parentUUID": "2d74e57a-f1d8-45bd-8450-ca413e98c821",
              "isHook": false,
              "skipped": false
            }
          ],
          "suites": [],
          "passes": [
            "be9ec497-406e-4a2a-942d-16d0deccd08f"
          ],
          "failures": [],
          "pending": [],
          "skipped": [],
          "duration": 8534,
          "root": false,
          "rootEmpty": false,
          "_timeout": 2000
        }
      ],
      "passes": [],
      "failures": [],
      "pending": [],
      "skipped": [],
      "duration": 0,
      "root": true,
      "rootEmpty": true,
      "_timeout": 2000
    }
  ],
  "meta": {
    "mocha": {
      "version": "5.2.0"
    },
    "mochawesome": {
      "options": {
        "quiet": true,
        "reportFilename": "mochawesome",
        "saveHtml": false,
        "saveJson": true,
        "consoleReporter": "spec",
        "useInlineDiffs": false
      },
      "version": "4.1.0"
    },
    "marge": {
      "options": {
        "id": "default",
        "reportDir": "cypress/results/mocha",
        "quiet": true,
        "overwrite": false,
        "html": false,
        "json": true
      },
      "version": "4.0.1"
    }
  }
}