{
  "stats": {
    "suites": 4,
    "tests": 4,
    "passes": 4,
    "pending": 0,
    "failures": 0,
    "start": "2019-11-11T00:36:16.648Z",
    "end": "2019-11-11T00:36:16.648Z",
    "duration": 33429,
    "testsRegistered": 4,
    "passPercent": 100,
    "pendingPercent": 0,
    "other": 0,
    "hasOther": false,
    "skipped": 0,
    "hasSkipped": false
  },
  "results": [
    {
      "uuid": "675ac2fb-18d5-4c2d-8f97-f4c835730dad",
      "title": "",
      "fullFile": "",
      "file": "",
      "beforeHooks": [],
      "afterHooks": [],
      "tests": [],
      "suites": [
        {
          "uuid": "86f6a8bb-81ee-418a-bbaa-0eefc982862e",
          "title": "Login Spec",
          "fullFile": "",
          "file": "",
          "beforeHooks": [],
          "afterHooks": [],
          "tests": [
            {
              "title": "Login with Correct Credentials",
              "fullTitle": "Login Spec Login with Correct Credentials",
              "timedOut": null,
              "duration": 4885,
              "state": "passed",
              "speed": "slow",
              "pass": true,
              "fail": false,
              "pending": false,
              "context": null,
              "code": "cy // action\n.get('[ng-model=\"user.name\"]').type(Cypress.env('username')).get('[ng-model=\"user.password\"]').type(Cypress.env('password')).get('#login-form').submit() // assertions\n.location('pathname').should('eq', '/employees').get('#greetings').should('be.visible').should('have.text', \"Hello \".concat(Cypress.env('username')));",
              "err": {},
              "uuid": "d0e786d2-b3aa-4d16-a839-9a7e27fab23e",
              "parentUUID": "86f6a8bb-81ee-418a-bbaa-0eefc982862e",
              "isHook": false,
              "skipped": false
            }
          ],
          "suites": [],
          "passes": [
            "d0e786d2-b3aa-4d16-a839-9a7e27fab23e"
          ],
          "failures": [],
          "pending": [],
          "skipped": [],
          "duration": 4885,
          "root": false,
          "rootEmpty": false,
          "_timeout": 2000
        }
      ],
      "passes": [],
      "failures": [],
      "pending": [],
      "skipped": [],
      "duration": 0,
      "root": true,
      "rootEmpty": true,
      "_timeout": 2000
    },
    {
      "uuid": "4c97124b-60b0-4f7b-8839-7aafcaeb2c72",
      "title": "",
      "fullFile": "",
      "file": "",
      "beforeHooks": [],
      "afterHooks": [],
      "tests": [],
      "suites": [
        {
          "uuid": "3ddb8e21-6ad4-4816-b93f-bfb218864a99",
          "title": "Create Employee Spec",
          "fullFile": "",
          "file": "",
          "beforeHooks": [],
          "afterHooks": [],
          "tests": [
            {
              "title": "Create New Employee and Verify it is Created",
              "fullTitle": "Create Employee Spec Create New Employee and Verify it is Created",
              "timedOut": null,
              "duration": 7602,
              "state": "passed",
              "speed": "slow",
              "pass": true,
              "fail": false,
              "pending": false,
              "context": null,
              "code": "var firstName = (0, _helper.randomString)(4);\nvar lastName = (0, _helper.randomString)(5);\nvar email = \"\".concat(firstName, \".\").concat(lastName, \"@cafetownsend.com\");\ncy // create Employee\n.get('#bAdd').click().get('[ng-model=\"selectedEmployee.firstName\"]').type(firstName).get('[ng-model=\"selectedEmployee.lastName\"]').type(lastName).get('[ng-model=\"selectedEmployee.startDate\"]').type((0, _helper.randomDate)()).get('[ng-model=\"selectedEmployee.email\"]').type(email).get('.formFooter').click() // assert\n.get('#employee-list').should('contain', \"\".concat(firstName, \" \").concat(lastName));",
              "err": {},
              "uuid": "1df8c06b-9b3f-45c3-a727-8d989355a831",
              "parentUUID": "3ddb8e21-6ad4-4816-b93f-bfb218864a99",
              "isHook": false,
              "skipped": false
            }
          ],
          "suites": [],
          "passes": [
            "1df8c06b-9b3f-45c3-a727-8d989355a831"
          ],
          "failures": [],
          "pending": [],
          "skipped": [],
          "duration": 7602,
          "root": false,
          "rootEmpty": false,
          "_timeout": 2000
        }
      ],
      "passes": [],
      "failures": [],
      "pending": [],
      "skipped": [],
      "duration": 0,
      "root": true,
      "rootEmpty": true,
      "_timeout": 2000
    },
    {
      "uuid": "fb06fa18-701a-4f08-a866-c655871b5d92",
      "title": "",
      "fullFile": "",
      "file": "",
      "beforeHooks": [],
      "afterHooks": [],
      "tests": [],
      "suites": [
        {
          "uuid": "6ec7a519-825b-458d-919b-da5aebf834d8",
          "title": "Edit Employee Spec",
          "fullFile": "",
          "file": "",
          "beforeHooks": [],
          "afterHooks": [],
          "tests": [
            {
              "title": "Edit Employee details and verify new details were Saved",
              "fullTitle": "Edit Employee Spec Edit Employee details and verify new details were Saved",
              "timedOut": null,
              "duration": 11934,
              "state": "passed",
              "speed": "slow",
              "pass": true,
              "fail": false,
              "pending": false,
              "context": null,
              "code": "cy.fixture('createdEmp').then(function (user) {\n  //select Employee\n  cy.get('#employee-list').contains(\"\".concat(user.firstName, \" \").concat(user.lastName)).click(); //click Edit Button\n  cy.get('#bEdit').click(); //clear email field and enter new email id\n  var newEmail = _helper.emp.email;\n  cy.get('[ng-model=\"selectedEmployee.email\"]').clear().type(newEmail); //click update button\n  cy.get('[type=\"submit\"][ng-hide=\"isCreateForm\"]').click(); //verify email was update\n  cy.get('#employee-list').contains(\"\".concat(user.firstName, \" \").concat(user.lastName)).click().get('#bEdit').click().get('[ng-model=\"selectedEmployee.email\"]').should('have.value', newEmail);\n});",
              "err": {},
              "uuid": "8d2db126-a164-49f0-a3a6-21b1a2eb72b0",
              "parentUUID": "6ec7a519-825b-458d-919b-da5aebf834d8",
              "isHook": false,
              "skipped": false
            }
          ],
          "suites": [],
          "passes": [
            "8d2db126-a164-49f0-a3a6-21b1a2eb72b0"
          ],
          "failures": [],
          "pending": [],
          "skipped": [],
          "duration": 11934,
          "root": false,
          "rootEmpty": false,
          "_timeout": 2000
        }
      ],
      "passes": [],
      "failures": [],
      "pending": [],
      "skipped": [],
      "duration": 0,
      "root": true,
      "rootEmpty": true,
      "_timeout": 2000
    },
    {
      "uuid": "40f71835-b0b9-4bca-a854-89a5ffb2d1eb",
      "title": "",
      "fullFile": "",
      "file": "",
      "beforeHooks": [],
      "afterHooks": [],
      "tests": [],
      "suites": [
        {
          "uuid": "50efe661-e747-4e00-b394-683e9e682d5a",
          "title": "Delete Employee Spec",
          "fullFile": "",
          "file": "",
          "beforeHooks": [],
          "afterHooks": [],
          "tests": [
            {
              "title": "Delete Employee record and verify Emp does not exist anymore in the system",
              "fullTitle": "Delete Employee Spec Delete Employee record and verify Emp does not exist anymore in the system",
              "timedOut": null,
              "duration": 9008,
              "state": "passed",
              "speed": "slow",
              "pass": true,
              "fail": false,
              "pending": false,
              "context": null,
              "code": "cy.fixture('empToBeDeleted').then(function (user) {\n  //select Employee\n  cy.get('#employee-list').contains(\"\".concat(user.firstName, \" \").concat(user.lastName)).click(); //click Delete Button\n  cy.get('#bDelete').click() // .wait(10000)\n  //confirm employee is not present\n  .get('#employee-list').click({\n    force: true\n  }).should('not.have', \"\".concat(user.firstName, \" \").concat(user.lastName));\n});",
              "err": {},
              "uuid": "a8928aea-1827-47d1-893a-c897c2664b3f",
              "parentUUID": "50efe661-e747-4e00-b394-683e9e682d5a",
              "isHook": false,
              "skipped": false
            }
          ],
          "suites": [],
          "passes": [
            "a8928aea-1827-47d1-893a-c897c2664b3f"
          ],
          "failures": [],
          "pending": [],
          "skipped": [],
          "duration": 9008,
          "root": false,
          "rootEmpty": false,
          "_timeout": 2000
        }
      ],
      "passes": [],
      "failures": [],
      "pending": [],
      "skipped": [],
      "duration": 0,
      "root": true,
      "rootEmpty": true,
      "_timeout": 2000
    }
  ],
  "meta": {
    "mocha": {
      "version": "5.2.0"
    },
    "mochawesome": {
      "options": {
        "quiet": true,
        "reportFilename": "mochawesome",
        "saveHtml": false,
        "saveJson": true,
        "consoleReporter": "spec",
        "useInlineDiffs": false
      },
      "version": "4.1.0"
    },
    "marge": {
      "options": {
        "id": "default",
        "reportDir": "cypress/results/mocha",
        "quiet": true,
        "overwrite": false,
        "html": false,
        "json": true
      },
      "version": "4.0.1"
    }
  }
}